{"level":"warn","message":"/favicon.ico GET"}
{"level":"warn","message":"/api/productos GET"}
{"level":"warn","message":"/login/session GET"}
{"level":"warn","message":"/logout? GET"}
{"level":"warn","message":"/login GET"}
{"level":"warn","message":"/login GET"}
{"level":"warn","message":"/ GET"}
{"level":"warn","message":"/ GET"}
{"level":"warn","message":"/style.css GET"}
{"level":"warn","message":"/scripts/login.js GET"}
{"level":"warn","message":"/style.css GET"}
{"level":"warn","message":"/scripts/products.js GET"}
{"level":"warn","message":"/scripts/messages.js GET"}
{"level":"warn","message":"/scripts/login.js GET"}
{"level":"warn","message":"/scripts/messages.js GET"}
{"level":"warn","message":"/style.css GET"}
{"level":"warn","message":"/scripts/products.js GET"}
{"level":"warn","message":"/scripts/login.js GET"}
{"level":"warn","message":"/style.css GET"}
{"level":"warn","message":"/style.css GET"}
{"level":"warn","message":"/scripts/messages.js GET"}
{"level":"warn","message":"/scripts/products.js GET"}
{"level":"warn","message":"/scripts/login.js GET"}
